x:\_utas\bict_3rd_year\kit307 graphics programming\assignment 2 - submit\t3d\t3d\debug\vc140.pdb
x:\_utas\bict_3rd_year\kit307 graphics programming\assignment 2 - submit\t3d\t3d\debug\vc140.idb
x:\_utas\bict_3rd_year\kit307 graphics programming\assignment 2 - submit\t3d\t3d\debug\shadertest.obj
x:\_utas\bict_3rd_year\kit307 graphics programming\assignment 2 - submit\t3d\t3d\debug\sound.obj
x:\_utas\bict_3rd_year\kit307 graphics programming\assignment 2 - submit\t3d\t3d\debug\soundmanager.obj
x:\_utas\bict_3rd_year\kit307 graphics programming\assignment 2 - submit\t3d\t3d\debug\soundtesttask.obj
x:\_utas\bict_3rd_year\kit307 graphics programming\assignment 2 - submit\t3d\t3d\debug\sphere.obj
x:\_utas\bict_3rd_year\kit307 graphics programming\assignment 2 - submit\t3d\t3d\debug\sweep.obj
x:\_utas\bict_3rd_year\kit307 graphics programming\assignment 2 - submit\t3d\t3d\debug\sweeppath.obj
x:\_utas\bict_3rd_year\kit307 graphics programming\assignment 2 - submit\t3d\t3d\debug\t3dapplication.obj
x:\_utas\bict_3rd_year\kit307 graphics programming\assignment 2 - submit\t3d\t3d\debug\t3dtest.obj
x:\_utas\bict_3rd_year\kit307 graphics programming\assignment 2 - submit\t3d\t3d\debug\task.obj
x:\_utas\bict_3rd_year\kit307 graphics programming\assignment 2 - submit\t3d\t3d\debug\tcylinder.obj
x:\_utas\bict_3rd_year\kit307 graphics programming\assignment 2 - submit\t3d\t3d\debug\terrain.obj
x:\_utas\bict_3rd_year\kit307 graphics programming\assignment 2 - submit\t3d\t3d\debug\terrainfollower.obj
x:\_utas\bict_3rd_year\kit307 graphics programming\assignment 2 - submit\t3d\t3d\debug\texture.obj
x:\_utas\bict_3rd_year\kit307 graphics programming\assignment 2 - submit\t3d\t3d\debug\transform.obj
x:\_utas\bict_3rd_year\kit307 graphics programming\assignment 2 - submit\t3d\t3d\debug\tutorial.obj
x:\_utas\bict_3rd_year\kit307 graphics programming\assignment 2 - submit\t3d\t3d\debug\tutorial1.obj
x:\_utas\bict_3rd_year\kit307 graphics programming\assignment 2 - submit\t3d\t3d\debug\tutorial4.obj
x:\_utas\bict_3rd_year\kit307 graphics programming\assignment 2 - submit\t3d\t3d\debug\winglapplication.obj
x:\_utas\bict_3rd_year\kit307 graphics programming\assignment 2 - submit\t3d\t3d\debug\xwing.obj
x:\_utas\bict_3rd_year\kit307 graphics programming\assignment 2 - submit\t3d\t3d\debug\main.obj
x:\_utas\bict_3rd_year\kit307 graphics programming\assignment 2 - submit\t3d\t3d\debug\material.obj
x:\_utas\bict_3rd_year\kit307 graphics programming\assignment 2 - submit\t3d\t3d\debug\math.obj
x:\_utas\bict_3rd_year\kit307 graphics programming\assignment 2 - submit\t3d\t3d\debug\matrix3x3.obj
x:\_utas\bict_3rd_year\kit307 graphics programming\assignment 2 - submit\t3d\t3d\debug\matrix4x4.obj
x:\_utas\bict_3rd_year\kit307 graphics programming\assignment 2 - submit\t3d\t3d\debug\mesh.obj
x:\_utas\bict_3rd_year\kit307 graphics programming\assignment 2 - submit\t3d\t3d\debug\music.obj
x:\_utas\bict_3rd_year\kit307 graphics programming\assignment 2 - submit\t3d\t3d\debug\particlebehaviour.obj
x:\_utas\bict_3rd_year\kit307 graphics programming\assignment 2 - submit\t3d\t3d\debug\particleemitter.obj
x:\_utas\bict_3rd_year\kit307 graphics programming\assignment 2 - submit\t3d\t3d\debug\perflogtask.obj
x:\_utas\bict_3rd_year\kit307 graphics programming\assignment 2 - submit\t3d\t3d\debug\plane.obj
x:\_utas\bict_3rd_year\kit307 graphics programming\assignment 2 - submit\t3d\t3d\debug\planemesh.obj
x:\_utas\bict_3rd_year\kit307 graphics programming\assignment 2 - submit\t3d\t3d\debug\propeller.obj
x:\_utas\bict_3rd_year\kit307 graphics programming\assignment 2 - submit\t3d\t3d\debug\pyramid.obj
x:\_utas\bict_3rd_year\kit307 graphics programming\assignment 2 - submit\t3d\t3d\debug\quaternion.obj
x:\_utas\bict_3rd_year\kit307 graphics programming\assignment 2 - submit\t3d\t3d\debug\r2d2.obj
x:\_utas\bict_3rd_year\kit307 graphics programming\assignment 2 - submit\t3d\t3d\debug\renderer.obj
x:\_utas\bict_3rd_year\kit307 graphics programming\assignment 2 - submit\t3d\t3d\debug\robot.obj
x:\_utas\bict_3rd_year\kit307 graphics programming\assignment 2 - submit\t3d\t3d\debug\rotatebehaviour.obj
x:\_utas\bict_3rd_year\kit307 graphics programming\assignment 2 - submit\t3d\t3d\debug\shader.obj
x:\_utas\bict_3rd_year\kit307 graphics programming\assignment 2 - submit\t3d\t3d\debug\bone.obj
x:\_utas\bict_3rd_year\kit307 graphics programming\assignment 2 - submit\t3d\t3d\debug\camera.obj
x:\_utas\bict_3rd_year\kit307 graphics programming\assignment 2 - submit\t3d\t3d\debug\colour.obj
x:\_utas\bict_3rd_year\kit307 graphics programming\assignment 2 - submit\t3d\t3d\debug\component.obj
x:\_utas\bict_3rd_year\kit307 graphics programming\assignment 2 - submit\t3d\t3d\debug\cube.obj
x:\_utas\bict_3rd_year\kit307 graphics programming\assignment 2 - submit\t3d\t3d\debug\cylinder.obj
x:\_utas\bict_3rd_year\kit307 graphics programming\assignment 2 - submit\t3d\t3d\debug\diagmessagetask.obj
x:\_utas\bict_3rd_year\kit307 graphics programming\assignment 2 - submit\t3d\t3d\debug\drawtask.obj
x:\_utas\bict_3rd_year\kit307 graphics programming\assignment 2 - submit\t3d\t3d\debug\font.obj
x:\_utas\bict_3rd_year\kit307 graphics programming\assignment 2 - submit\t3d\t3d\debug\fontcache.obj
x:\_utas\bict_3rd_year\kit307 graphics programming\assignment 2 - submit\t3d\t3d\debug\gameobject.obj
x:\_utas\bict_3rd_year\kit307 graphics programming\assignment 2 - submit\t3d\t3d\debug\glrenderer.obj
x:\_utas\bict_3rd_year\kit307 graphics programming\assignment 2 - submit\t3d\t3d\debug\glshader.obj
x:\_utas\bict_3rd_year\kit307 graphics programming\assignment 2 - submit\t3d\t3d\debug\gltestapplication.obj
x:\_utas\bict_3rd_year\kit307 graphics programming\assignment 2 - submit\t3d\t3d\debug\gltestrenderer.obj
x:\_utas\bict_3rd_year\kit307 graphics programming\assignment 2 - submit\t3d\t3d\debug\input.obj
x:\_utas\bict_3rd_year\kit307 graphics programming\assignment 2 - submit\t3d\t3d\debug\keyboardcontroller.obj
x:\_utas\bict_3rd_year\kit307 graphics programming\assignment 2 - submit\t3d\t3d\debug\lamp.obj
x:\_utas\bict_3rd_year\kit307 graphics programming\assignment 2 - submit\t3d\t3d\debug\light.obj
x:\_utas\bict_3rd_year\kit307 graphics programming\assignment 2 - submit\t3d\t3d\debug\lookatbehaviour.obj
x:\_utas\bict_3rd_year\kit307 graphics programming\assignment 2 - submit\t3d\t3d\debug\animation.obj
x:\_utas\bict_3rd_year\kit307 graphics programming\assignment 2 - submit\t3d\t3d\debug\animationmove.obj
x:\_utas\bict_3rd_year\kit307 graphics programming\assignment 2 - submit\t3d\t3d\debug\animationtest.obj
x:\_utas\bict_3rd_year\kit307 graphics programming\assignment 2 - submit\t3d\t3d\debug\assignment1test.obj
x:\_utas\bict_3rd_year\kit307 graphics programming\assignment 2 - submit\t3d\t3d\debug\assignment2test.obj
x:\_utas\bict_3rd_year\kit307 graphics programming\assignment 2 - submit\t3d\t3d\debug\billboard.obj
x:\_utas\bict_3rd_year\kit307 graphics programming\assignment 2 - submit\t3d\debug\t3d.ilk
x:\_utas\bict_3rd_year\kit307 graphics programming\assignment 2 - submit\t3d\debug\t3d.exe
x:\_utas\bict_3rd_year\kit307 graphics programming\assignment 2 - submit\t3d\debug\t3d.pdb
x:\_utas\bict_3rd_year\kit307 graphics programming\assignment 2 - submit\t3d\t3d\debug\t3d.tlog\cl.command.1.tlog
x:\_utas\bict_3rd_year\kit307 graphics programming\assignment 2 - submit\t3d\t3d\debug\t3d.tlog\cl.read.1.tlog
x:\_utas\bict_3rd_year\kit307 graphics programming\assignment 2 - submit\t3d\t3d\debug\t3d.tlog\cl.write.1.tlog
x:\_utas\bict_3rd_year\kit307 graphics programming\assignment 2 - submit\t3d\t3d\debug\t3d.tlog\link.command.1.tlog
x:\_utas\bict_3rd_year\kit307 graphics programming\assignment 2 - submit\t3d\t3d\debug\t3d.tlog\link.read.1.tlog
x:\_utas\bict_3rd_year\kit307 graphics programming\assignment 2 - submit\t3d\t3d\debug\t3d.tlog\link.write.1.tlog
